[08-Feb-2023 15:25:35 UTC] Fonction Create_Caroussel : Fonction correctement appellé !
[08-Feb-2023 15:25:35 UTC] Create_Slide() : Fonction appellé avec succés !
[08-Feb-2023 15:29:33 UTC] Fonction Create_Caroussel : Fonction correctement appellé !
[08-Feb-2023 15:29:33 UTC] Create_Slide() : Fonction appellé avec succés !
[08-Feb-2023 15:29:46 UTC] Fonction Create_Caroussel : Fonction correctement appellé !
[08-Feb-2023 15:29:46 UTC] Create_Slide() : Fonction appellé avec succés !
[09-Feb-2023 10:01:13 UTC] Fonction Create_Caroussel : Fonction correctement appellé !
[09-Feb-2023 10:01:13 UTC] Create_Slide() : Fonction appellé avec succés !
[09-Feb-2023 10:03:48 UTC] Fonction Create_Caroussel : Fonction correctement appellé !
[09-Feb-2023 10:03:48 UTC] Create_Slide() : Fonction appellé avec succés !
[09-Feb-2023 10:07:20 UTC] Fonction Create_Caroussel : Fonction correctement appellé !
[09-Feb-2023 10:07:20 UTC] Create_Slide() : Fonction appellé avec succés !
[09-Feb-2023 10:11:46 UTC] Fonction Create_Caroussel : Fonction correctement appellé !
[09-Feb-2023 10:11:46 UTC] Fonction Create_Caroussel : Requête préparé avec succés !
[09-Feb-2023 10:11:46 UTC] WordPress database error  for query CREATE TABLE wp_chasseavenircaroussel (
            idCaroussel mediumint(11) NOT NULL AUTO_INCREMENT,
            nomCaroussel varchar(30) NOT NULL,
            PRIMARY KEY  (idCaroussel)
        ) DEFAULT CHARACTER SET utf8mb4 COLLATE utf8mb4_unicode_520_ci made by activate_plugin, do_action('activate_ChasseAvenir87/ChaAv87.php'), WP_Hook->do_action, WP_Hook->apply_filters, Create_Caroussel
[09-Feb-2023 10:11:46 UTC] Create_Slide() : Fonction appellé avec succés !
[09-Feb-2023 10:11:46 UTC] Create_Slide : Requête préparé avec succcés !
[09-Feb-2023 10:44:32 UTC] [ChasseAvenir87] > Utilisateur présent sur la page d'info !
[09-Feb-2023 10:44:34 UTC] [ChasseAvenir87] > Utilisateur présent sur la page de Gestion des caroussels !
[09-Feb-2023 10:44:34 UTC] getAllCaroussel > Fonction appellé avec succès !
[09-Feb-2023 10:44:34 UTC] [getAllSlide] > Fonction appellé avec succés !
[09-Feb-2023 10:44:40 UTC] [ChasseAvenir87] > Utilisateur présent sur la page de Gestion des caroussels !
[09-Feb-2023 10:44:40 UTC] getAllCaroussel > Fonction appellé avec succès !
[09-Feb-2023 10:44:40 UTC] Create_Caroussel > Fonction appellé avec succès !
[09-Feb-2023 10:44:40 UTC] Create_Caroussel > Insertion effectué avec succès !
[09-Feb-2023 10:44:41 UTC] [ChasseAvenir87] > Utilisateur présent sur la page de Gestion des caroussels !
[09-Feb-2023 10:44:41 UTC] getAllCaroussel > Fonction appellé avec succès !
[09-Feb-2023 10:44:41 UTC] [getAllSlide] > Fonction appellé avec succés !
[09-Feb-2023 10:44:42 UTC] [ChasseAvenir87] > Utilisateur présent sur la page de Gestion des caroussels !
[09-Feb-2023 10:44:42 UTC] getAllCaroussel > Fonction appellé avec succès !
[09-Feb-2023 10:44:42 UTC] [getAllSlide] > Fonction appellé avec succés !
[09-Feb-2023 10:44:51 UTC] [ChasseAvenir87] > Utilisateur présent sur la page de Gestion des caroussels !
[09-Feb-2023 10:44:51 UTC] getAllCaroussel > Fonction appellé avec succès !
[09-Feb-2023 10:44:51 UTC] [getAllSlide] > Fonction appellé avec succés !
[09-Feb-2023 10:44:52 UTC] [AddSlide] > Fonction appellé avec succés !
[09-Feb-2023 10:44:52 UTC] [AddSlide] > L'ajout s'est déroulé avec succés !
[09-Feb-2023 10:44:52 UTC] [ChasseAvenir87] > Utilisateur présent sur la page de Gestion des caroussels !
[09-Feb-2023 10:44:52 UTC] getAllCaroussel > Fonction appellé avec succès !
[09-Feb-2023 10:44:52 UTC] [getAllSlide] > Fonction appellé avec succés !
[09-Feb-2023 10:44:53 UTC] [ChasseAvenir87] > Utilisateur présent sur la page de Gestion des caroussels !
[09-Feb-2023 10:44:53 UTC] getAllCaroussel > Fonction appellé avec succès !
[09-Feb-2023 10:44:53 UTC] [getAllSlide] > Fonction appellé avec succés !
[09-Feb-2023 12:42:50 UTC] [ChasseAvenir87] > Utilisateur présent sur la page de Gestion des caroussels !
[09-Feb-2023 12:42:50 UTC] getAllCaroussel > Fonction appellé avec succès !
[09-Feb-2023 12:42:50 UTC] [getAllSlide] > Fonction appellé avec succés !
[09-Feb-2023 13:58:51 UTC] Fonction Create_Caroussel : Fonction correctement appellé !
[09-Feb-2023 13:58:51 UTC] Fonction Create_Caroussel : Requête préparé avec succés !
[09-Feb-2023 13:58:51 UTC] WordPress database error  for query CREATE TABLE wp_diapomanagercaroussel (
            idCaroussel mediumint(11) NOT NULL AUTO_INCREMENT,
            nomCaroussel varchar(30) NOT NULL,
            PRIMARY KEY  (idCaroussel)
        ) DEFAULT CHARACTER SET utf8mb4 COLLATE utf8mb4_unicode_520_ci made by activate_plugin, do_action('activate_ChasseAvenir87/ChaAv87.php'), WP_Hook->do_action, WP_Hook->apply_filters, Create_Caroussel
[09-Feb-2023 13:58:51 UTC] Create_Slide() : Fonction appellé avec succés !
[09-Feb-2023 13:58:51 UTC] Create_Slide : Requête préparé avec succcés !
[09-Feb-2023 13:58:51 UTC] La reqûete à été exécuté avec succès !
[09-Feb-2023 13:59:08 UTC] [ChasseAvenir87] > Utilisateur présent sur la page d'info !
[09-Feb-2023 13:59:13 UTC] [ChasseAvenir87] > Utilisateur présent sur la page de Gestion des caroussels !
[09-Feb-2023 13:59:13 UTC] getAllCaroussel > Fonction appellé avec succès !
[09-Feb-2023 13:59:13 UTC] [getAllSlide] > Fonction appellé avec succés !
[09-Feb-2023 13:59:19 UTC] [ChasseAvenir87] > Utilisateur présent sur la page de Gestion des caroussels !
[09-Feb-2023 13:59:19 UTC] getAllCaroussel > Fonction appellé avec succès !
[09-Feb-2023 13:59:19 UTC] Create_Caroussel > Fonction appellé avec succès !
[09-Feb-2023 13:59:19 UTC] Create_Caroussel > Insertion effectué avec succès !
[09-Feb-2023 13:59:19 UTC] [ChasseAvenir87] > Utilisateur présent sur la page de Gestion des caroussels !
[09-Feb-2023 13:59:19 UTC] getAllCaroussel > Fonction appellé avec succès !
[09-Feb-2023 13:59:19 UTC] [getAllSlide] > Fonction appellé avec succés !
[09-Feb-2023 13:59:22 UTC] [ChasseAvenir87] > Utilisateur présent sur la page de Gestion des caroussels !
[09-Feb-2023 13:59:22 UTC] getAllCaroussel > Fonction appellé avec succès !
[09-Feb-2023 13:59:22 UTC] [getAllSlide] > Fonction appellé avec succés !
[09-Feb-2023 13:59:26 UTC] [ChasseAvenir87] > Utilisateur présent sur la page de Gestion des caroussels !
[09-Feb-2023 13:59:26 UTC] getAllCaroussel > Fonction appellé avec succès !
[09-Feb-2023 13:59:26 UTC] [getAllSlide] > Fonction appellé avec succés !
[09-Feb-2023 13:59:26 UTC] [ChasseAvenir87] > Utilisateur présent sur la page de Gestion des caroussels !
[09-Feb-2023 13:59:26 UTC] getAllCaroussel > Fonction appellé avec succès !
[09-Feb-2023 13:59:26 UTC] [getAllSlide] > Fonction appellé avec succés !
[09-Feb-2023 13:59:27 UTC] [ChasseAvenir87] > Utilisateur présent sur la page de Gestion des caroussels !
[09-Feb-2023 13:59:27 UTC] getAllCaroussel > Fonction appellé avec succès !
[09-Feb-2023 13:59:27 UTC] [getAllSlide] > Fonction appellé avec succés !
[09-Feb-2023 13:59:29 UTC] [ChasseAvenir87] > Utilisateur présent sur la page de Gestion des caroussels !
[09-Feb-2023 13:59:29 UTC] getAllCaroussel > Fonction appellé avec succès !
[09-Feb-2023 13:59:29 UTC] [deleteAllSlide] > Fonction appellé avec succés!
[09-Feb-2023 13:59:29 UTC] [getAllSlide] > Fonction appellé avec succés !
[09-Feb-2023 13:59:30 UTC] [ChasseAvenir87] > Utilisateur présent sur la page de Gestion des caroussels !
[09-Feb-2023 13:59:30 UTC] getAllCaroussel > Fonction appellé avec succès !
[09-Feb-2023 13:59:30 UTC] [getAllSlide] > Fonction appellé avec succés !
[09-Feb-2023 13:59:34 UTC] [ChasseAvenir87] > Utilisateur présent sur la page de Gestion des caroussels !
[09-Feb-2023 13:59:34 UTC] getAllCaroussel > Fonction appellé avec succès !
[09-Feb-2023 13:59:34 UTC] Create_Caroussel > Fonction appellé avec succès !
[09-Feb-2023 13:59:34 UTC] Create_Caroussel > Insertion effectué avec succès !
[09-Feb-2023 13:59:34 UTC] [ChasseAvenir87] > Utilisateur présent sur la page de Gestion des caroussels !
[09-Feb-2023 13:59:34 UTC] getAllCaroussel > Fonction appellé avec succès !
[09-Feb-2023 13:59:34 UTC] [getAllSlide] > Fonction appellé avec succés !
[09-Feb-2023 13:59:37 UTC] [ChasseAvenir87] > Utilisateur présent sur la page de Gestion des caroussels !
[09-Feb-2023 13:59:37 UTC] getAllCaroussel > Fonction appellé avec succès !
[09-Feb-2023 13:59:37 UTC] [getAllSlide] > Fonction appellé avec succés !
[09-Feb-2023 13:59:43 UTC] [ChasseAvenir87] > Utilisateur présent sur la page de Gestion des caroussels !
[09-Feb-2023 13:59:43 UTC] getAllCaroussel > Fonction appellé avec succès !
[09-Feb-2023 13:59:43 UTC] [getAllSlide] > Fonction appellé avec succés !
[09-Feb-2023 13:59:44 UTC] [AddSlide] > Fonction appellé avec succés !
[09-Feb-2023 13:59:44 UTC] [AddSlide] > L'ajout s'est déroulé avec succés !
[09-Feb-2023 13:59:44 UTC] [ChasseAvenir87] > Utilisateur présent sur la page de Gestion des caroussels !
[09-Feb-2023 13:59:44 UTC] getAllCaroussel > Fonction appellé avec succès !
[09-Feb-2023 13:59:44 UTC] [getAllSlide] > Fonction appellé avec succés !
[09-Feb-2023 13:59:47 UTC] [ChasseAvenir87] > Utilisateur présent sur la page de Gestion des caroussels !
[09-Feb-2023 13:59:47 UTC] getAllCaroussel > Fonction appellé avec succès !
[09-Feb-2023 13:59:47 UTC] [getAllSlide] > Fonction appellé avec succés !
[09-Feb-2023 14:00:38 UTC] Fonction Create_Caroussel : Fonction correctement appellé !
[09-Feb-2023 14:00:38 UTC] Create_Slide() : Fonction appellé avec succés !
[09-Feb-2023 14:00:41 UTC] [ChasseAvenir87] > Utilisateur présent sur la page d'info !
[09-Feb-2023 14:00:42 UTC] [ChasseAvenir87] > Utilisateur présent sur la page de Gestion des caroussels !
[09-Feb-2023 14:00:42 UTC] getAllCaroussel > Fonction appellé avec succès !
[09-Feb-2023 14:00:42 UTC] [getAllSlide] > Fonction appellé avec succés !
[09-Feb-2023 14:00:44 UTC] [ChasseAvenir87] > Utilisateur présent sur la page de Gestion des caroussels !
[09-Feb-2023 14:00:44 UTC] getAllCaroussel > Fonction appellé avec succès !
[09-Feb-2023 14:00:44 UTC] [getAllSlide] > Fonction appellé avec succés !
[09-Feb-2023 16:03:44 UTC] Fonction Create_Caroussel : Fonction correctement appellé !
[09-Feb-2023 16:03:44 UTC] Create_Slide() : Fonction appellé avec succés !
[10-Feb-2023 07:08:45 UTC] Fonction Create_Caroussel : Fonction correctement appellé !
[10-Feb-2023 07:08:45 UTC] Create_Slide() : Fonction appellé avec succés !
[10-Feb-2023 07:08:51 UTC] [ChasseAvenir87] > Utilisateur présent sur la page de Gestion des caroussels !
[10-Feb-2023 07:08:51 UTC] getAllCaroussel > Fonction appellé avec succès !
[10-Feb-2023 07:08:51 UTC] [getAllSlide] > Fonction appellé avec succés !
[10-Feb-2023 07:08:57 UTC] [ChasseAvenir87] > Utilisateur présent sur la page de Gestion des caroussels !
[10-Feb-2023 07:08:57 UTC] getAllCaroussel > Fonction appellé avec succès !
[10-Feb-2023 07:08:57 UTC] Create_Caroussel > Fonction appellé avec succès !
[10-Feb-2023 07:08:57 UTC] Create_Caroussel > Insertion effectué avec succès !
[10-Feb-2023 07:08:57 UTC] [ChasseAvenir87] > Utilisateur présent sur la page de Gestion des caroussels !
[10-Feb-2023 07:08:57 UTC] getAllCaroussel > Fonction appellé avec succès !
[10-Feb-2023 07:08:57 UTC] [getAllSlide] > Fonction appellé avec succés !
[10-Feb-2023 07:08:58 UTC] [ChasseAvenir87] > Utilisateur présent sur la page de Gestion des caroussels !
[10-Feb-2023 07:08:58 UTC] getAllCaroussel > Fonction appellé avec succès !
[10-Feb-2023 07:08:58 UTC] [getAllSlide] > Fonction appellé avec succés !
[10-Feb-2023 07:09:14 UTC] [ChasseAvenir87] > Utilisateur présent sur la page de Gestion des caroussels !
[10-Feb-2023 07:09:14 UTC] getAllCaroussel > Fonction appellé avec succès !
[10-Feb-2023 07:09:14 UTC] [getAllSlide] > Fonction appellé avec succés !
[10-Feb-2023 07:09:14 UTC] [AddSlide] > Fonction appellé avec succés !
[10-Feb-2023 07:09:14 UTC] [AddSlide] > L'ajout s'est déroulé avec succés !
[10-Feb-2023 07:09:15 UTC] [ChasseAvenir87] > Utilisateur présent sur la page de Gestion des caroussels !
[10-Feb-2023 07:09:15 UTC] getAllCaroussel > Fonction appellé avec succès !
[10-Feb-2023 07:09:15 UTC] [getAllSlide] > Fonction appellé avec succés !
[10-Feb-2023 07:09:16 UTC] [ChasseAvenir87] > Utilisateur présent sur la page de Gestion des caroussels !
[10-Feb-2023 07:09:16 UTC] getAllCaroussel > Fonction appellé avec succès !
[10-Feb-2023 07:09:16 UTC] [getAllSlide] > Fonction appellé avec succés !
[10-Feb-2023 07:09:30 UTC] [ChasseAvenir87] > Utilisateur présent sur la page de Gestion des caroussels !
[10-Feb-2023 07:09:30 UTC] getAllCaroussel > Fonction appellé avec succès !
[10-Feb-2023 07:09:30 UTC] [getAllSlide] > Fonction appellé avec succés !
[10-Feb-2023 07:09:31 UTC] [ChasseAvenir87] > Utilisateur présent sur la page de Gestion des caroussels !
[10-Feb-2023 07:09:31 UTC] getAllCaroussel > Fonction appellé avec succès !
[10-Feb-2023 07:09:31 UTC] [getAllSlide] > Fonction appellé avec succés !
[10-Feb-2023 07:09:32 UTC] [ChasseAvenir87] > Utilisateur présent sur la page de Gestion des caroussels !
[10-Feb-2023 07:09:32 UTC] getAllCaroussel > Fonction appellé avec succès !
[10-Feb-2023 07:09:32 UTC] [getAllSlide] > Fonction appellé avec succés !
[10-Feb-2023 07:09:49 UTC] [getAllSlide] > Fonction appellé avec succés !
[10-Feb-2023 07:09:51 UTC] [getAllSlide] > Fonction appellé avec succés !
[10-Feb-2023 07:10:49 UTC] [ChasseAvenir87] > Utilisateur présent sur la page d'info !
[10-Feb-2023 07:10:50 UTC] [ChasseAvenir87] > Utilisateur présent sur la page de Gestion des caroussels !
[10-Feb-2023 07:10:50 UTC] getAllCaroussel > Fonction appellé avec succès !
[10-Feb-2023 07:10:50 UTC] [getAllSlide] > Fonction appellé avec succés !
[10-Feb-2023 07:10:54 UTC] [ChasseAvenir87] > Utilisateur présent sur la page de Gestion des caroussels !
[10-Feb-2023 07:10:54 UTC] getAllCaroussel > Fonction appellé avec succès !
[10-Feb-2023 07:10:54 UTC] [getAllSlide] > Fonction appellé avec succés !
[10-Feb-2023 07:11:02 UTC] [ChasseAvenir87] > Utilisateur présent sur la page de Gestion des caroussels !
[10-Feb-2023 07:11:02 UTC] getAllCaroussel > Fonction appellé avec succès !
[10-Feb-2023 07:11:02 UTC] [getAllSlide] > Fonction appellé avec succés !
[10-Feb-2023 07:11:02 UTC] [AddSlide] > Fonction appellé avec succés !
[10-Feb-2023 07:11:02 UTC] [AddSlide] > L'ajout s'est déroulé avec succés !
[10-Feb-2023 07:11:03 UTC] [ChasseAvenir87] > Utilisateur présent sur la page de Gestion des caroussels !
[10-Feb-2023 07:11:03 UTC] getAllCaroussel > Fonction appellé avec succès !
[10-Feb-2023 07:11:03 UTC] [getAllSlide] > Fonction appellé avec succés !
[10-Feb-2023 07:11:06 UTC] [ChasseAvenir87] > Utilisateur présent sur la page de Gestion des caroussels !
[10-Feb-2023 07:11:06 UTC] getAllCaroussel > Fonction appellé avec succès !
[10-Feb-2023 07:11:06 UTC] [getAllSlide] > Fonction appellé avec succés !
[10-Feb-2023 07:11:14 UTC] [getAllSlide] > Fonction appellé avec succés !
[10-Feb-2023 07:11:19 UTC] [getAllSlide] > Fonction appellé avec succés !
[10-Feb-2023 07:11:20 UTC] [getAllSlide] > Fonction appellé avec succés !
[10-Feb-2023 07:44:49 UTC] [ChasseAvenir87] > Utilisateur présent sur la page d'info !
[10-Feb-2023 07:44:51 UTC] [ChasseAvenir87] > Utilisateur présent sur la page de Gestion des caroussels !
[10-Feb-2023 07:44:51 UTC] getAllCaroussel > Fonction appellé avec succès !
[10-Feb-2023 07:44:51 UTC] [getAllSlide] > Fonction appellé avec succés !
[10-Feb-2023 07:44:53 UTC] [ChasseAvenir87] > Utilisateur présent sur la page de Gestion des caroussels !
[10-Feb-2023 07:44:53 UTC] getAllCaroussel > Fonction appellé avec succès !
[10-Feb-2023 07:44:53 UTC] [getAllSlide] > Fonction appellé avec succés !
[10-Feb-2023 07:45:16 UTC] [ChasseAvenir87] > Utilisateur présent sur la page de Gestion des caroussels !
[10-Feb-2023 07:45:16 UTC] getAllCaroussel > Fonction appellé avec succès !
[10-Feb-2023 07:45:16 UTC] [getAllSlide] > Fonction appellé avec succés !
[10-Feb-2023 07:45:16 UTC] [AddSlide] > Fonction appellé avec succés !
[10-Feb-2023 07:45:16 UTC] [AddSlide] > L'ajout s'est déroulé avec succés !
[10-Feb-2023 07:45:16 UTC] [ChasseAvenir87] > Utilisateur présent sur la page de Gestion des caroussels !
[10-Feb-2023 07:45:16 UTC] getAllCaroussel > Fonction appellé avec succès !
[10-Feb-2023 07:45:16 UTC] [getAllSlide] > Fonction appellé avec succés !
[10-Feb-2023 07:45:18 UTC] [ChasseAvenir87] > Utilisateur présent sur la page de Gestion des caroussels !
[10-Feb-2023 07:45:18 UTC] getAllCaroussel > Fonction appellé avec succès !
[10-Feb-2023 07:45:18 UTC] [getAllSlide] > Fonction appellé avec succés !
[10-Feb-2023 07:45:43 UTC] [ChasseAvenir87] > Utilisateur présent sur la page de Gestion des caroussels !
[10-Feb-2023 07:45:43 UTC] getAllCaroussel > Fonction appellé avec succès !
[10-Feb-2023 07:45:43 UTC] [getAllSlide] > Fonction appellé avec succés !
[10-Feb-2023 07:45:43 UTC] [ChasseAvenir87] > Utilisateur présent sur la page de Gestion des caroussels !
[10-Feb-2023 07:45:43 UTC] getAllCaroussel > Fonction appellé avec succès !
[10-Feb-2023 07:45:43 UTC] [getAllSlide] > Fonction appellé avec succés !
[10-Feb-2023 07:45:44 UTC] [ChasseAvenir87] > Utilisateur présent sur la page de Gestion des caroussels !
[10-Feb-2023 07:45:44 UTC] getAllCaroussel > Fonction appellé avec succès !
[10-Feb-2023 07:45:44 UTC] [getAllSlide] > Fonction appellé avec succés !
[10-Feb-2023 07:47:28 UTC] [ChasseAvenir87] > Utilisateur présent sur la page de Gestion des caroussels !
[10-Feb-2023 07:47:28 UTC] getAllCaroussel > Fonction appellé avec succès !
[10-Feb-2023 07:47:28 UTC] [getAllSlide] > Fonction appellé avec succés !
[10-Feb-2023 07:47:29 UTC] [AddSlide] > Fonction appellé avec succés !
[10-Feb-2023 07:47:29 UTC] [AddSlide] > L'ajout s'est déroulé avec succés !
[10-Feb-2023 07:47:29 UTC] [ChasseAvenir87] > Utilisateur présent sur la page de Gestion des caroussels !
[10-Feb-2023 07:47:29 UTC] getAllCaroussel > Fonction appellé avec succès !
[10-Feb-2023 07:47:29 UTC] [getAllSlide] > Fonction appellé avec succés !
[10-Feb-2023 07:47:30 UTC] [ChasseAvenir87] > Utilisateur présent sur la page de Gestion des caroussels !
[10-Feb-2023 07:47:30 UTC] getAllCaroussel > Fonction appellé avec succès !
[10-Feb-2023 07:47:30 UTC] [getAllSlide] > Fonction appellé avec succés !
[10-Feb-2023 07:47:45 UTC] [ChasseAvenir87] > Utilisateur présent sur la page de Gestion des caroussels !
[10-Feb-2023 07:47:45 UTC] getAllCaroussel > Fonction appellé avec succès !
[10-Feb-2023 07:47:45 UTC] [getAllSlide] > Fonction appellé avec succés !
[10-Feb-2023 07:47:46 UTC] [ChasseAvenir87] > Utilisateur présent sur la page de Gestion des caroussels !
[10-Feb-2023 07:47:46 UTC] getAllCaroussel > Fonction appellé avec succès !
[10-Feb-2023 07:47:46 UTC] [getAllSlide] > Fonction appellé avec succés !
[10-Feb-2023 07:47:50 UTC] [ChasseAvenir87] > Utilisateur présent sur la page de Gestion des caroussels !
[10-Feb-2023 07:47:50 UTC] getAllCaroussel > Fonction appellé avec succès !
[10-Feb-2023 07:47:50 UTC] [getAllSlide] > Fonction appellé avec succés !
[10-Feb-2023 07:47:52 UTC] [ChasseAvenir87] > Utilisateur présent sur la page de Gestion des caroussels !
[10-Feb-2023 07:47:52 UTC] getAllCaroussel > Fonction appellé avec succès !
[10-Feb-2023 07:47:52 UTC] [deleteAllSlide] > Fonction appellé avec succés!
[10-Feb-2023 07:47:52 UTC] [getAllSlide] > Fonction appellé avec succés !
[10-Feb-2023 07:47:53 UTC] [ChasseAvenir87] > Utilisateur présent sur la page de Gestion des caroussels !
[10-Feb-2023 07:47:53 UTC] getAllCaroussel > Fonction appellé avec succès !
[10-Feb-2023 07:47:53 UTC] [getAllSlide] > Fonction appellé avec succés !
[10-Feb-2023 07:47:54 UTC] [ChasseAvenir87] > Utilisateur présent sur la page de Gestion des caroussels !
[10-Feb-2023 07:47:54 UTC] getAllCaroussel > Fonction appellé avec succès !
[10-Feb-2023 07:47:54 UTC] [getAllSlide] > Fonction appellé avec succés !
[10-Feb-2023 07:48:58 UTC] [ChasseAvenir87] > Utilisateur présent sur la page de Gestion des caroussels !
[10-Feb-2023 07:48:58 UTC] getAllCaroussel > Fonction appellé avec succès !
[10-Feb-2023 07:48:58 UTC] [getAllSlide] > Fonction appellé avec succés !
[10-Feb-2023 07:48:58 UTC] [AddSlide] > Fonction appellé avec succés !
[10-Feb-2023 07:48:58 UTC] [AddSlide] > L'ajout s'est déroulé avec succés !
[10-Feb-2023 07:48:59 UTC] [ChasseAvenir87] > Utilisateur présent sur la page de Gestion des caroussels !
[10-Feb-2023 07:48:59 UTC] getAllCaroussel > Fonction appellé avec succès !
[10-Feb-2023 07:48:59 UTC] [getAllSlide] > Fonction appellé avec succés !
[10-Feb-2023 07:49:00 UTC] [ChasseAvenir87] > Utilisateur présent sur la page de Gestion des caroussels !
[10-Feb-2023 07:49:00 UTC] getAllCaroussel > Fonction appellé avec succès !
[10-Feb-2023 07:49:00 UTC] [getAllSlide] > Fonction appellé avec succés !
[10-Feb-2023 07:50:39 UTC] [ChasseAvenir87] > Utilisateur présent sur la page de Gestion des caroussels !
[10-Feb-2023 07:50:39 UTC] getAllCaroussel > Fonction appellé avec succès !
[10-Feb-2023 07:50:39 UTC] [getAllSlide] > Fonction appellé avec succés !
[10-Feb-2023 07:50:40 UTC] [ChasseAvenir87] > Utilisateur présent sur la page de Gestion des caroussels !
[10-Feb-2023 07:50:40 UTC] getAllCaroussel > Fonction appellé avec succès !
[10-Feb-2023 07:50:40 UTC] [getAllSlide] > Fonction appellé avec succés !
[10-Feb-2023 07:51:10 UTC] [ChasseAvenir87] > Utilisateur présent sur la page de Gestion des caroussels !
[10-Feb-2023 07:51:10 UTC] getAllCaroussel > Fonction appellé avec succès !
[10-Feb-2023 07:51:10 UTC] [getAllSlide] > Fonction appellé avec succés !
[10-Feb-2023 07:51:11 UTC] [ChasseAvenir87] > Utilisateur présent sur la page de Gestion des caroussels !
[10-Feb-2023 07:51:11 UTC] getAllCaroussel > Fonction appellé avec succès !
[10-Feb-2023 07:51:11 UTC] [getAllSlide] > Fonction appellé avec succés !
[10-Feb-2023 07:56:17 UTC] [ChasseAvenir87] > Utilisateur présent sur la page de Gestion des caroussels !
[10-Feb-2023 07:56:17 UTC] getAllCaroussel > Fonction appellé avec succès !
[10-Feb-2023 07:56:17 UTC] [getAllSlide] > Fonction appellé avec succés !
[10-Feb-2023 07:56:19 UTC] [ChasseAvenir87] > Utilisateur présent sur la page de Gestion des caroussels !
[10-Feb-2023 07:56:19 UTC] getAllCaroussel > Fonction appellé avec succès !
[10-Feb-2023 07:56:19 UTC] [getAllSlide] > Fonction appellé avec succés !
[10-Feb-2023 07:56:34 UTC] [ChasseAvenir87] > Utilisateur présent sur la page de Gestion des caroussels !
[10-Feb-2023 07:56:34 UTC] getAllCaroussel > Fonction appellé avec succès !
[10-Feb-2023 07:56:34 UTC] [getAllSlide] > Fonction appellé avec succés !
[10-Feb-2023 07:56:36 UTC] [ChasseAvenir87] > Utilisateur présent sur la page de Gestion des caroussels !
[10-Feb-2023 07:56:36 UTC] getAllCaroussel > Fonction appellé avec succès !
[10-Feb-2023 07:56:36 UTC] [getAllSlide] > Fonction appellé avec succés !
[10-Feb-2023 07:57:02 UTC] [getAllSlide] > Fonction appellé avec succés !
[10-Feb-2023 07:57:16 UTC] [ChasseAvenir87] > Utilisateur présent sur la page de Gestion des caroussels !
[10-Feb-2023 07:57:16 UTC] getAllCaroussel > Fonction appellé avec succès !
[10-Feb-2023 07:57:16 UTC] [getAllSlide] > Fonction appellé avec succés !
[10-Feb-2023 07:57:17 UTC] [ChasseAvenir87] > Utilisateur présent sur la page de Gestion des caroussels !
[10-Feb-2023 07:57:17 UTC] getAllCaroussel > Fonction appellé avec succès !
[10-Feb-2023 07:57:17 UTC] [getAllSlide] > Fonction appellé avec succés !
[10-Feb-2023 07:57:34 UTC] [ChasseAvenir87] > Utilisateur présent sur la page de Gestion des caroussels !
[10-Feb-2023 07:57:34 UTC] getAllCaroussel > Fonction appellé avec succès !
[10-Feb-2023 07:57:34 UTC] [getAllSlide] > Fonction appellé avec succés !
[10-Feb-2023 07:57:34 UTC] [ChasseAvenir87] > Utilisateur présent sur la page de Gestion des caroussels !
[10-Feb-2023 07:57:34 UTC] getAllCaroussel > Fonction appellé avec succès !
[10-Feb-2023 07:57:34 UTC] [getAllSlide] > Fonction appellé avec succés !
[10-Feb-2023 07:57:37 UTC] [ChasseAvenir87] > Utilisateur présent sur la page de Gestion des caroussels !
[10-Feb-2023 07:57:37 UTC] getAllCaroussel > Fonction appellé avec succès !
[10-Feb-2023 07:57:37 UTC] [getAllSlide] > Fonction appellé avec succés !
[10-Feb-2023 07:58:33 UTC] [ChasseAvenir87] > Utilisateur présent sur la page de Gestion des caroussels !
[10-Feb-2023 07:58:33 UTC] getAllCaroussel > Fonction appellé avec succès !
[10-Feb-2023 07:58:33 UTC] [getAllSlide] > Fonction appellé avec succés !
[10-Feb-2023 07:58:34 UTC] [AddSlide] > Fonction appellé avec succés !
[10-Feb-2023 07:58:34 UTC] [AddSlide] > L'ajout s'est déroulé avec succés !
[10-Feb-2023 07:58:34 UTC] [ChasseAvenir87] > Utilisateur présent sur la page de Gestion des caroussels !
[10-Feb-2023 07:58:34 UTC] getAllCaroussel > Fonction appellé avec succès !
[10-Feb-2023 07:58:34 UTC] [getAllSlide] > Fonction appellé avec succés !
[10-Feb-2023 07:58:35 UTC] [ChasseAvenir87] > Utilisateur présent sur la page de Gestion des caroussels !
[10-Feb-2023 07:58:35 UTC] getAllCaroussel > Fonction appellé avec succès !
[10-Feb-2023 07:58:35 UTC] [getAllSlide] > Fonction appellé avec succés !
[10-Feb-2023 07:58:49 UTC] [ChasseAvenir87] > Utilisateur présent sur la page de Gestion des caroussels !
[10-Feb-2023 07:58:49 UTC] getAllCaroussel > Fonction appellé avec succès !
[10-Feb-2023 07:58:49 UTC] [getAllSlide] > Fonction appellé avec succés !
[10-Feb-2023 07:58:50 UTC] [ChasseAvenir87] > Utilisateur présent sur la page de Gestion des caroussels !
[10-Feb-2023 07:58:50 UTC] getAllCaroussel > Fonction appellé avec succès !
[10-Feb-2023 07:58:50 UTC] [getAllSlide] > Fonction appellé avec succés !
[10-Feb-2023 07:58:52 UTC] [ChasseAvenir87] > Utilisateur présent sur la page de Gestion des caroussels !
[10-Feb-2023 07:58:52 UTC] getAllCaroussel > Fonction appellé avec succès !
[10-Feb-2023 07:58:52 UTC] [getAllSlide] > Fonction appellé avec succés !
[10-Feb-2023 07:59:38 UTC] [ChasseAvenir87] > Utilisateur présent sur la page de Gestion des caroussels !
[10-Feb-2023 07:59:38 UTC] getAllCaroussel > Fonction appellé avec succès !
[10-Feb-2023 07:59:39 UTC] [getAllSlide] > Fonction appellé avec succés !
[10-Feb-2023 07:59:39 UTC] [AddSlide] > Fonction appellé avec succés !
[10-Feb-2023 07:59:39 UTC] [AddSlide] > L'ajout s'est déroulé avec succés !
[10-Feb-2023 07:59:39 UTC] [ChasseAvenir87] > Utilisateur présent sur la page de Gestion des caroussels !
[10-Feb-2023 07:59:39 UTC] getAllCaroussel > Fonction appellé avec succès !
[10-Feb-2023 07:59:39 UTC] [getAllSlide] > Fonction appellé avec succés !
[10-Feb-2023 07:59:40 UTC] [ChasseAvenir87] > Utilisateur présent sur la page de Gestion des caroussels !
[10-Feb-2023 07:59:40 UTC] getAllCaroussel > Fonction appellé avec succès !
[10-Feb-2023 07:59:40 UTC] [getAllSlide] > Fonction appellé avec succés !
[10-Feb-2023 07:59:46 UTC] [ChasseAvenir87] > Utilisateur présent sur la page de Gestion des caroussels !
[10-Feb-2023 07:59:46 UTC] getAllCaroussel > Fonction appellé avec succès !
[10-Feb-2023 07:59:46 UTC] [getAllSlide] > Fonction appellé avec succés !
[10-Feb-2023 07:59:47 UTC] [ChasseAvenir87] > Utilisateur présent sur la page de Gestion des caroussels !
[10-Feb-2023 07:59:47 UTC] getAllCaroussel > Fonction appellé avec succès !
[10-Feb-2023 07:59:47 UTC] [getAllSlide] > Fonction appellé avec succés !
[10-Feb-2023 07:59:48 UTC] [ChasseAvenir87] > Utilisateur présent sur la page de Gestion des caroussels !
[10-Feb-2023 07:59:48 UTC] getAllCaroussel > Fonction appellé avec succès !
[10-Feb-2023 07:59:48 UTC] [getAllSlide] > Fonction appellé avec succés !
[10-Feb-2023 08:03:44 UTC] [ChasseAvenir87] > Utilisateur présent sur la page de Gestion des caroussels !
[10-Feb-2023 08:03:44 UTC] getAllCaroussel > Fonction appellé avec succès !
[10-Feb-2023 08:03:44 UTC] [getAllSlide] > Fonction appellé avec succés !
[10-Feb-2023 08:03:45 UTC] [AddSlide] > Fonction appellé avec succés !
[10-Feb-2023 08:03:45 UTC] [AddSlide] > L'ajout s'est déroulé avec succés !
[10-Feb-2023 08:03:45 UTC] [ChasseAvenir87] > Utilisateur présent sur la page de Gestion des caroussels !
[10-Feb-2023 08:03:45 UTC] getAllCaroussel > Fonction appellé avec succès !
[10-Feb-2023 08:03:45 UTC] [getAllSlide] > Fonction appellé avec succés !
[10-Feb-2023 08:03:46 UTC] [ChasseAvenir87] > Utilisateur présent sur la page de Gestion des caroussels !
[10-Feb-2023 08:03:46 UTC] getAllCaroussel > Fonction appellé avec succès !
[10-Feb-2023 08:03:46 UTC] [getAllSlide] > Fonction appellé avec succés !
[10-Feb-2023 08:04:13 UTC] [ChasseAvenir87] > Utilisateur présent sur la page de Gestion des caroussels !
[10-Feb-2023 08:04:13 UTC] getAllCaroussel > Fonction appellé avec succès !
[10-Feb-2023 08:04:13 UTC] [getAllSlide] > Fonction appellé avec succés !
[10-Feb-2023 08:04:19 UTC] [ChasseAvenir87] > Utilisateur présent sur la page de Gestion des caroussels !
[10-Feb-2023 08:04:19 UTC] getAllCaroussel > Fonction appellé avec succès !
[10-Feb-2023 08:04:19 UTC] [getAllSlide] > Fonction appellé avec succés !
[10-Feb-2023 08:04:33 UTC] [ChasseAvenir87] > Utilisateur présent sur la page de Gestion des caroussels !
[10-Feb-2023 08:04:33 UTC] getAllCaroussel > Fonction appellé avec succès !
[10-Feb-2023 08:04:33 UTC] [getAllSlide] > Fonction appellé avec succés !
[10-Feb-2023 08:04:33 UTC] [ChasseAvenir87] > Utilisateur présent sur la page de Gestion des caroussels !
[10-Feb-2023 08:04:33 UTC] getAllCaroussel > Fonction appellé avec succès !
[10-Feb-2023 08:04:33 UTC] [getAllSlide] > Fonction appellé avec succés !
[10-Feb-2023 08:05:07 UTC] [ChasseAvenir87] > Utilisateur présent sur la page de Gestion des caroussels !
[10-Feb-2023 08:05:07 UTC] getAllCaroussel > Fonction appellé avec succès !
[10-Feb-2023 08:05:07 UTC] [getAllSlide] > Fonction appellé avec succés !
[10-Feb-2023 08:05:13 UTC] [ChasseAvenir87] > Utilisateur présent sur la page de Gestion des caroussels !
[10-Feb-2023 08:05:13 UTC] getAllCaroussel > Fonction appellé avec succès !
[10-Feb-2023 08:05:13 UTC] [getAllSlide] > Fonction appellé avec succés !
[10-Feb-2023 08:05:13 UTC] [AddSlide] > Fonction appellé avec succés !
[10-Feb-2023 08:05:13 UTC] [AddSlide] > L'ajout s'est déroulé avec succés !
[10-Feb-2023 08:05:14 UTC] [ChasseAvenir87] > Utilisateur présent sur la page de Gestion des caroussels !
[10-Feb-2023 08:05:14 UTC] getAllCaroussel > Fonction appellé avec succès !
[10-Feb-2023 08:05:14 UTC] [getAllSlide] > Fonction appellé avec succés !
[10-Feb-2023 08:05:20 UTC] [ChasseAvenir87] > Utilisateur présent sur la page de Gestion des caroussels !
[10-Feb-2023 08:05:20 UTC] getAllCaroussel > Fonction appellé avec succès !
[10-Feb-2023 08:05:20 UTC] [getAllSlide] > Fonction appellé avec succés !
[10-Feb-2023 08:05:27 UTC] [ChasseAvenir87] > Utilisateur présent sur la page de Gestion des caroussels !
[10-Feb-2023 08:05:27 UTC] getAllCaroussel > Fonction appellé avec succès !
[10-Feb-2023 08:05:27 UTC] [getAllSlide] > Fonction appellé avec succés !
[10-Feb-2023 08:05:28 UTC] [ChasseAvenir87] > Utilisateur présent sur la page de Gestion des caroussels !
[10-Feb-2023 08:05:28 UTC] getAllCaroussel > Fonction appellé avec succès !
[10-Feb-2023 08:05:28 UTC] [getAllSlide] > Fonction appellé avec succés !
[10-Feb-2023 08:05:47 UTC] [ChasseAvenir87] > Utilisateur présent sur la page de Gestion des caroussels !
[10-Feb-2023 08:05:47 UTC] getAllCaroussel > Fonction appellé avec succès !
[10-Feb-2023 08:05:47 UTC] [getAllSlide] > Fonction appellé avec succés !
[10-Feb-2023 08:06:19 UTC] [ChasseAvenir87] > Utilisateur présent sur la page de Gestion des caroussels !
[10-Feb-2023 08:06:19 UTC] getAllCaroussel > Fonction appellé avec succès !
[10-Feb-2023 08:06:19 UTC] [getAllSlide] > Fonction appellé avec succés !
[10-Feb-2023 08:06:19 UTC] [AddSlide] > Fonction appellé avec succés !
[10-Feb-2023 08:06:19 UTC] [AddSlide] > L'ajout s'est déroulé avec succés !
[10-Feb-2023 08:06:19 UTC] [ChasseAvenir87] > Utilisateur présent sur la page de Gestion des caroussels !
[10-Feb-2023 08:06:19 UTC] getAllCaroussel > Fonction appellé avec succès !
[10-Feb-2023 08:06:19 UTC] [getAllSlide] > Fonction appellé avec succés !
[10-Feb-2023 08:06:21 UTC] [ChasseAvenir87] > Utilisateur présent sur la page de Gestion des caroussels !
[10-Feb-2023 08:06:21 UTC] getAllCaroussel > Fonction appellé avec succès !
[10-Feb-2023 08:06:21 UTC] [getAllSlide] > Fonction appellé avec succés !
[10-Feb-2023 08:06:31 UTC] [ChasseAvenir87] > Utilisateur présent sur la page de Gestion des caroussels !
[10-Feb-2023 08:06:31 UTC] getAllCaroussel > Fonction appellé avec succès !
[10-Feb-2023 08:06:31 UTC] [getAllSlide] > Fonction appellé avec succés !
[10-Feb-2023 08:06:31 UTC] [ChasseAvenir87] > Utilisateur présent sur la page de Gestion des caroussels !
[10-Feb-2023 08:06:31 UTC] getAllCaroussel > Fonction appellé avec succès !
[10-Feb-2023 08:06:31 UTC] [getAllSlide] > Fonction appellé avec succés !
[10-Feb-2023 08:06:35 UTC] [ChasseAvenir87] > Utilisateur présent sur la page de Gestion des caroussels !
[10-Feb-2023 08:06:35 UTC] getAllCaroussel > Fonction appellé avec succès !
[10-Feb-2023 08:06:35 UTC] [getAllSlide] > Fonction appellé avec succés !
[10-Feb-2023 08:07:18 UTC] [ChasseAvenir87] > Utilisateur présent sur la page de Gestion des caroussels !
[10-Feb-2023 08:07:18 UTC] getAllCaroussel > Fonction appellé avec succès !
[10-Feb-2023 08:07:18 UTC] [getAllSlide] > Fonction appellé avec succés !
[10-Feb-2023 08:07:19 UTC] [AddSlide] > Fonction appellé avec succés !
[10-Feb-2023 08:07:19 UTC] [AddSlide] > L'ajout s'est déroulé avec succés !
[10-Feb-2023 08:07:19 UTC] [ChasseAvenir87] > Utilisateur présent sur la page de Gestion des caroussels !
[10-Feb-2023 08:07:19 UTC] getAllCaroussel > Fonction appellé avec succès !
[10-Feb-2023 08:07:19 UTC] [getAllSlide] > Fonction appellé avec succés !
[10-Feb-2023 08:07:20 UTC] [ChasseAvenir87] > Utilisateur présent sur la page de Gestion des caroussels !
[10-Feb-2023 08:07:20 UTC] getAllCaroussel > Fonction appellé avec succès !
[10-Feb-2023 08:07:20 UTC] [getAllSlide] > Fonction appellé avec succés !
[10-Feb-2023 08:07:32 UTC] [ChasseAvenir87] > Utilisateur présent sur la page de Gestion des caroussels !
[10-Feb-2023 08:07:32 UTC] getAllCaroussel > Fonction appellé avec succès !
[10-Feb-2023 08:07:32 UTC] [getAllSlide] > Fonction appellé avec succés !
[10-Feb-2023 08:07:32 UTC] [ChasseAvenir87] > Utilisateur présent sur la page de Gestion des caroussels !
[10-Feb-2023 08:07:32 UTC] getAllCaroussel > Fonction appellé avec succès !
[10-Feb-2023 08:07:32 UTC] [getAllSlide] > Fonction appellé avec succés !
[10-Feb-2023 08:07:34 UTC] [ChasseAvenir87] > Utilisateur présent sur la page de Gestion des caroussels !
[10-Feb-2023 08:07:34 UTC] getAllCaroussel > Fonction appellé avec succès !
[10-Feb-2023 08:07:34 UTC] [getAllSlide] > Fonction appellé avec succés !
[10-Feb-2023 08:08:35 UTC] [ChasseAvenir87] > Utilisateur présent sur la page de Gestion des caroussels !
[10-Feb-2023 08:08:35 UTC] getAllCaroussel > Fonction appellé avec succès !
[10-Feb-2023 08:08:35 UTC] [getAllSlide] > Fonction appellé avec succés !
[10-Feb-2023 08:08:35 UTC] [AddSlide] > Fonction appellé avec succés !
[10-Feb-2023 08:08:35 UTC] [AddSlide] > L'ajout s'est déroulé avec succés !
[10-Feb-2023 08:08:35 UTC] [ChasseAvenir87] > Utilisateur présent sur la page de Gestion des caroussels !
[10-Feb-2023 08:08:35 UTC] getAllCaroussel > Fonction appellé avec succès !
[10-Feb-2023 08:08:35 UTC] [getAllSlide] > Fonction appellé avec succés !
[10-Feb-2023 08:08:37 UTC] [ChasseAvenir87] > Utilisateur présent sur la page de Gestion des caroussels !
[10-Feb-2023 08:08:37 UTC] getAllCaroussel > Fonction appellé avec succès !
[10-Feb-2023 08:08:37 UTC] [getAllSlide] > Fonction appellé avec succés !
[10-Feb-2023 08:09:13 UTC] [ChasseAvenir87] > Utilisateur présent sur la page de Gestion des caroussels !
[10-Feb-2023 08:09:13 UTC] getAllCaroussel > Fonction appellé avec succès !
[10-Feb-2023 08:09:13 UTC] [getAllSlide] > Fonction appellé avec succés !
[10-Feb-2023 08:09:14 UTC] [ChasseAvenir87] > Utilisateur présent sur la page de Gestion des caroussels !
[10-Feb-2023 08:09:14 UTC] getAllCaroussel > Fonction appellé avec succès !
[10-Feb-2023 08:09:14 UTC] [getAllSlide] > Fonction appellé avec succés !
[10-Feb-2023 08:09:15 UTC] [ChasseAvenir87] > Utilisateur présent sur la page de Gestion des caroussels !
[10-Feb-2023 08:09:15 UTC] getAllCaroussel > Fonction appellé avec succès !
[10-Feb-2023 08:09:15 UTC] [getAllSlide] > Fonction appellé avec succés !
[10-Feb-2023 08:10:08 UTC] [ChasseAvenir87] > Utilisateur présent sur la page de Gestion des caroussels !
[10-Feb-2023 08:10:08 UTC] getAllCaroussel > Fonction appellé avec succès !
[10-Feb-2023 08:10:08 UTC] [getAllSlide] > Fonction appellé avec succés !
[10-Feb-2023 08:10:09 UTC] [AddSlide] > Fonction appellé avec succés !
[10-Feb-2023 08:10:09 UTC] [AddSlide] > L'ajout s'est déroulé avec succés !
[10-Feb-2023 08:10:09 UTC] [ChasseAvenir87] > Utilisateur présent sur la page de Gestion des caroussels !
[10-Feb-2023 08:10:09 UTC] getAllCaroussel > Fonction appellé avec succès !
[10-Feb-2023 08:10:09 UTC] [getAllSlide] > Fonction appellé avec succés !
[10-Feb-2023 08:10:11 UTC] [ChasseAvenir87] > Utilisateur présent sur la page de Gestion des caroussels !
[10-Feb-2023 08:10:11 UTC] getAllCaroussel > Fonction appellé avec succès !
[10-Feb-2023 08:10:11 UTC] [getAllSlide] > Fonction appellé avec succés !
[10-Feb-2023 08:10:29 UTC] [ChasseAvenir87] > Utilisateur présent sur la page de Gestion des caroussels !
[10-Feb-2023 08:10:29 UTC] getAllCaroussel > Fonction appellé avec succès !
[10-Feb-2023 08:10:29 UTC] [getAllSlide] > Fonction appellé avec succés !
[10-Feb-2023 08:10:29 UTC] [ChasseAvenir87] > Utilisateur présent sur la page de Gestion des caroussels !
[10-Feb-2023 08:10:29 UTC] getAllCaroussel > Fonction appellé avec succès !
[10-Feb-2023 08:10:29 UTC] [getAllSlide] > Fonction appellé avec succés !
[10-Feb-2023 08:10:32 UTC] [ChasseAvenir87] > Utilisateur présent sur la page de Gestion des caroussels !
[10-Feb-2023 08:10:32 UTC] getAllCaroussel > Fonction appellé avec succès !
[10-Feb-2023 08:10:32 UTC] [getAllSlide] > Fonction appellé avec succés !
[10-Feb-2023 08:10:56 UTC] [ChasseAvenir87] > Utilisateur présent sur la page de Gestion des caroussels !
[10-Feb-2023 08:10:56 UTC] getAllCaroussel > Fonction appellé avec succès !
[10-Feb-2023 08:10:56 UTC] [getAllSlide] > Fonction appellé avec succés !
[10-Feb-2023 08:10:57 UTC] [AddSlide] > Fonction appellé avec succés !
[10-Feb-2023 08:10:57 UTC] [AddSlide] > L'ajout s'est déroulé avec succés !
[10-Feb-2023 08:10:57 UTC] [ChasseAvenir87] > Utilisateur présent sur la page de Gestion des caroussels !
[10-Feb-2023 08:10:57 UTC] getAllCaroussel > Fonction appellé avec succès !
[10-Feb-2023 08:10:57 UTC] [getAllSlide] > Fonction appellé avec succés !
[10-Feb-2023 08:11:05 UTC] [ChasseAvenir87] > Utilisateur présent sur la page de Gestion des caroussels !
[10-Feb-2023 08:11:05 UTC] getAllCaroussel > Fonction appellé avec succès !
[10-Feb-2023 08:11:05 UTC] [getAllSlide] > Fonction appellé avec succés !
[10-Feb-2023 08:11:10 UTC] [ChasseAvenir87] > Utilisateur présent sur la page de Gestion des caroussels !
[10-Feb-2023 08:11:10 UTC] getAllCaroussel > Fonction appellé avec succès !
[10-Feb-2023 08:11:10 UTC] [getAllSlide] > Fonction appellé avec succés !
[10-Feb-2023 08:11:11 UTC] [ChasseAvenir87] > Utilisateur présent sur la page de Gestion des caroussels !
[10-Feb-2023 08:11:11 UTC] getAllCaroussel > Fonction appellé avec succès !
[10-Feb-2023 08:11:11 UTC] [getAllSlide] > Fonction appellé avec succés !
[10-Feb-2023 08:11:16 UTC] [getAllSlide] > Fonction appellé avec succés !
[10-Feb-2023 08:15:16 UTC] [getAllSlide] > Fonction appellé avec succés !
[10-Feb-2023 08:15:58 UTC] [getAllSlide] > Fonction appellé avec succés !
[10-Feb-2023 08:16:25 UTC] [getAllSlide] > Fonction appellé avec succés !
[10-Feb-2023 08:16:47 UTC] [getAllSlide] > Fonction appellé avec succés !
[10-Feb-2023 08:17:08 UTC] [getAllSlide] > Fonction appellé avec succés !
[10-Feb-2023 08:17:29 UTC] [getAllSlide] > Fonction appellé avec succés !
[10-Feb-2023 08:18:07 UTC] [getAllSlide] > Fonction appellé avec succés !
[10-Feb-2023 08:18:28 UTC] [getAllSlide] > Fonction appellé avec succés !
[10-Feb-2023 08:18:41 UTC] [getAllSlide] > Fonction appellé avec succés !
[10-Feb-2023 08:18:54 UTC] [getAllSlide] > Fonction appellé avec succés !
[10-Feb-2023 08:19:07 UTC] [getAllSlide] > Fonction appellé avec succés !
[10-Feb-2023 08:19:18 UTC] [getAllSlide] > Fonction appellé avec succés !
[10-Feb-2023 08:19:29 UTC] [getAllSlide] > Fonction appellé avec succés !
[10-Feb-2023 08:19:35 UTC] [getAllSlide] > Fonction appellé avec succés !
[10-Feb-2023 08:19:44 UTC] [getAllSlide] > Fonction appellé avec succés !
[10-Feb-2023 08:20:19 UTC] [getAllSlide] > Fonction appellé avec succés !
[10-Feb-2023 08:22:33 UTC] [getAllSlide] > Fonction appellé avec succés !
[10-Feb-2023 08:35:42 UTC] [ChasseAvenir87] > Utilisateur présent sur la page de Gestion des caroussels !
[10-Feb-2023 08:35:42 UTC] getAllCaroussel > Fonction appellé avec succès !
[10-Feb-2023 08:35:42 UTC] [getAllSlide] > Fonction appellé avec succés !
[10-Feb-2023 08:35:45 UTC] [ChasseAvenir87] > Utilisateur présent sur la page de Gestion des caroussels !
[10-Feb-2023 08:35:45 UTC] getAllCaroussel > Fonction appellé avec succès !
[10-Feb-2023 08:35:45 UTC] [getAllSlide] > Fonction appellé avec succés !
[10-Feb-2023 08:35:50 UTC] [ChasseAvenir87] > Utilisateur présent sur la page de Gestion des caroussels !
[10-Feb-2023 08:35:50 UTC] getAllCaroussel > Fonction appellé avec succès !
[10-Feb-2023 08:35:50 UTC] [getAllSlide] > Fonction appellé avec succés !
[10-Feb-2023 08:35:52 UTC] [ChasseAvenir87] > Utilisateur présent sur la page de Gestion des caroussels !
[10-Feb-2023 08:35:52 UTC] getAllCaroussel > Fonction appellé avec succès !
[10-Feb-2023 08:35:52 UTC] [getAllSlide] > Fonction appellé avec succés !
[10-Feb-2023 08:36:14 UTC] [ChasseAvenir87] > Utilisateur présent sur la page de Gestion des caroussels !
[10-Feb-2023 08:36:14 UTC] getAllCaroussel > Fonction appellé avec succès !
[10-Feb-2023 08:36:14 UTC] [getAllSlide] > Fonction appellé avec succés !
[10-Feb-2023 08:36:17 UTC] [ChasseAvenir87] > Utilisateur présent sur la page de Gestion des caroussels !
[10-Feb-2023 08:36:17 UTC] getAllCaroussel > Fonction appellé avec succès !
[10-Feb-2023 08:36:17 UTC] [getAllSlide] > Fonction appellé avec succés !
[10-Feb-2023 08:39:25 UTC] [ChasseAvenir87] > Utilisateur présent sur la page de Gestion des caroussels !
[10-Feb-2023 08:39:25 UTC] getAllCaroussel > Fonction appellé avec succès !
[10-Feb-2023 08:39:25 UTC] [getAllSlide] > Fonction appellé avec succés !
[10-Feb-2023 08:49:47 UTC] [ChasseAvenir87] > Utilisateur présent sur la page de Gestion des caroussels !
[10-Feb-2023 08:49:47 UTC] getAllCaroussel > Fonction appellé avec succès !
[10-Feb-2023 08:49:47 UTC] [getAllSlide] > Fonction appellé avec succés !
[10-Feb-2023 08:50:27 UTC] [ChasseAvenir87] > Utilisateur présent sur la page de Gestion des caroussels !
[10-Feb-2023 08:50:27 UTC] getAllCaroussel > Fonction appellé avec succès !
[10-Feb-2023 08:50:27 UTC] [getAllSlide] > Fonction appellé avec succés !
[10-Feb-2023 08:50:29 UTC] [ChasseAvenir87] > Utilisateur présent sur la page de Gestion des caroussels !
[10-Feb-2023 08:50:29 UTC] getAllCaroussel > Fonction appellé avec succès !
[10-Feb-2023 08:50:29 UTC] [getAllSlide] > Fonction appellé avec succés !
[10-Feb-2023 08:50:55 UTC] [ChasseAvenir87] > Utilisateur présent sur la page de Gestion des caroussels !
[10-Feb-2023 08:50:55 UTC] getAllCaroussel > Fonction appellé avec succès !
[10-Feb-2023 08:50:55 UTC] [getAllSlide] > Fonction appellé avec succés !
[10-Feb-2023 08:50:56 UTC] [ChasseAvenir87] > Utilisateur présent sur la page de Gestion des caroussels !
[10-Feb-2023 08:50:56 UTC] getAllCaroussel > Fonction appellé avec succès !
[10-Feb-2023 08:50:56 UTC] [getAllSlide] > Fonction appellé avec succés !
